d:\superlu_mt_3.1\superlu_mt_3.1\superlu_mt_3.1\x64\release\vc142.pdb
d:\superlu_mt_3.1\superlu_mt_3.1\superlu_mt_3.1\x64\release\dcomplex.obj
d:\superlu_mt_3.1\superlu_mt_3.1\superlu_mt_3.1\x64\release\dclock.obj
d:\superlu_mt_3.1\superlu_mt_3.1\superlu_mt_3.1\x64\release\csp_blas3.obj
d:\superlu_mt_3.1\superlu_mt_3.1\superlu_mt_3.1\x64\release\csp_blas2.obj
d:\superlu_mt_3.1\superlu_mt_3.1\superlu_mt_3.1\x64\release\creadrb.obj
d:\superlu_mt_3.1\superlu_mt_3.1\superlu_mt_3.1\x64\release\creadmt.obj
d:\superlu_mt_3.1\superlu_mt_3.1\superlu_mt_3.1\x64\release\creadhb.obj
d:\superlu_mt_3.1\superlu_mt_3.1\superlu_mt_3.1\x64\release\cpivotgrowth.obj
d:\superlu_mt_3.1\superlu_mt_3.1\superlu_mt_3.1\x64\release\colamd.obj
d:\superlu_mt_3.1\superlu_mt_3.1\superlu_mt_3.1\x64\release\cmyblas2.obj
d:\superlu_mt_3.1\superlu_mt_3.1\superlu_mt_3.1\x64\release\cmatgen.obj
d:\superlu_mt_3.1\superlu_mt_3.1\superlu_mt_3.1\x64\release\claqgs.obj
d:\superlu_mt_3.1\superlu_mt_3.1\superlu_mt_3.1\x64\release\clangs.obj
d:\superlu_mt_3.1\superlu_mt_3.1\superlu_mt_3.1\x64\release\clacon.obj
d:\superlu_mt_3.1\superlu_mt_3.1\superlu_mt_3.1\x64\release\cholnzcnt.obj
d:\superlu_mt_3.1\superlu_mt_3.1\superlu_mt_3.1\x64\release\cgstrs.obj
d:\superlu_mt_3.1\superlu_mt_3.1\superlu_mt_3.1\x64\release\cgsrfs.obj
d:\superlu_mt_3.1\superlu_mt_3.1\superlu_mt_3.1\x64\release\cgsequ.obj
d:\superlu_mt_3.1\superlu_mt_3.1\superlu_mt_3.1\x64\release\cgscon.obj
d:\superlu_mt_3.1\superlu_mt_3.1\superlu_mt_3.1\x64\release\await.obj
d:\superlu_mt_3.1\superlu_mt_3.1\superlu_mt_3.1\x64\release\icmax1.obj
d:\superlu_mt_3.1\superlu_mt_3.1\superlu_mt_3.1\x64\release\heap_relax_snode.obj
d:\superlu_mt_3.1\superlu_mt_3.1\superlu_mt_3.1\x64\release\get_perm_c.obj
d:\superlu_mt_3.1\superlu_mt_3.1\superlu_mt_3.1\x64\release\dzsum1.obj
d:\superlu_mt_3.1\superlu_mt_3.1\superlu_mt_3.1\x64\release\dsp_blas3.obj
d:\superlu_mt_3.1\superlu_mt_3.1\superlu_mt_3.1\x64\release\dsp_blas2.obj
d:\superlu_mt_3.1\superlu_mt_3.1\superlu_mt_3.1\x64\release\dreadrb.obj
d:\superlu_mt_3.1\superlu_mt_3.1\superlu_mt_3.1\x64\release\dreadmt.obj
d:\superlu_mt_3.1\superlu_mt_3.1\superlu_mt_3.1\x64\release\dreadhb.obj
d:\superlu_mt_3.1\superlu_mt_3.1\superlu_mt_3.1\x64\release\dpivotgrowth.obj
d:\superlu_mt_3.1\superlu_mt_3.1\superlu_mt_3.1\x64\release\dmyblas2.obj
d:\superlu_mt_3.1\superlu_mt_3.1\superlu_mt_3.1\x64\release\dmatgen.obj
d:\superlu_mt_3.1\superlu_mt_3.1\superlu_mt_3.1\x64\release\dlaqgs.obj
d:\superlu_mt_3.1\superlu_mt_3.1\superlu_mt_3.1\x64\release\dlangs.obj
d:\superlu_mt_3.1\superlu_mt_3.1\superlu_mt_3.1\x64\release\dlamch.obj
d:\superlu_mt_3.1\superlu_mt_3.1\superlu_mt_3.1\x64\release\dlacon.obj
d:\superlu_mt_3.1\superlu_mt_3.1\superlu_mt_3.1\x64\release\dgstrs.obj
d:\superlu_mt_3.1\superlu_mt_3.1\superlu_mt_3.1\x64\release\dgsrfs.obj
d:\superlu_mt_3.1\superlu_mt_3.1\superlu_mt_3.1\x64\release\dgsequ.obj
d:\superlu_mt_3.1\superlu_mt_3.1\superlu_mt_3.1\x64\release\dgscon.obj
d:\superlu_mt_3.1\superlu_mt_3.1\superlu_mt_3.1\x64\release\pcgstrf_snode_dfs.obj
d:\superlu_mt_3.1\superlu_mt_3.1\superlu_mt_3.1\x64\release\pcgstrf_snode_bmod.obj
d:\superlu_mt_3.1\superlu_mt_3.1\superlu_mt_3.1\x64\release\pcgstrf_pivotl.obj
d:\superlu_mt_3.1\superlu_mt_3.1\superlu_mt_3.1\x64\release\pcgstrf_panel_dfs.obj
d:\superlu_mt_3.1\superlu_mt_3.1\superlu_mt_3.1\x64\release\pcgstrf_panel_bmod.obj
d:\superlu_mt_3.1\superlu_mt_3.1\superlu_mt_3.1\x64\release\pcgstrf_init.obj
d:\superlu_mt_3.1\superlu_mt_3.1\superlu_mt_3.1\x64\release\pcgstrf_factor_snode.obj
d:\superlu_mt_3.1\superlu_mt_3.1\superlu_mt_3.1\x64\release\pcgstrf_copy_to_ucol.obj
d:\superlu_mt_3.1\superlu_mt_3.1\superlu_mt_3.1\x64\release\pcgstrf_column_dfs.obj
d:\superlu_mt_3.1\superlu_mt_3.1\superlu_mt_3.1\x64\release\pcgstrf_column_bmod.obj
d:\superlu_mt_3.1\superlu_mt_3.1\superlu_mt_3.1\x64\release\pcgstrf_bmod2d_mv2.obj
d:\superlu_mt_3.1\superlu_mt_3.1\superlu_mt_3.1\x64\release\pcgstrf_bmod2d.obj
d:\superlu_mt_3.1\superlu_mt_3.1\superlu_mt_3.1\x64\release\pcgstrf_bmod1d_mv2.obj
d:\superlu_mt_3.1\superlu_mt_3.1\superlu_mt_3.1\x64\release\pcgstrf_bmod1d.obj
d:\superlu_mt_3.1\superlu_mt_3.1\superlu_mt_3.1\x64\release\pcgstrf.obj
d:\superlu_mt_3.1\superlu_mt_3.1\superlu_mt_3.1\x64\release\pcgssvx.obj
d:\superlu_mt_3.1\superlu_mt_3.1\superlu_mt_3.1\x64\release\pcgssv.obj
d:\superlu_mt_3.1\superlu_mt_3.1\superlu_mt_3.1\x64\release\mmd.obj
d:\superlu_mt_3.1\superlu_mt_3.1\superlu_mt_3.1\x64\release\lsame.obj
d:\superlu_mt_3.1\superlu_mt_3.1\superlu_mt_3.1\x64\release\izmax1.obj
d:\superlu_mt_3.1\superlu_mt_3.1\superlu_mt_3.1\x64\release\pdgstrf_pivotl.obj
d:\superlu_mt_3.1\superlu_mt_3.1\superlu_mt_3.1\x64\release\pdgstrf_panel_dfs.obj
d:\superlu_mt_3.1\superlu_mt_3.1\superlu_mt_3.1\x64\release\pdgstrf_panel_bmod.obj
d:\superlu_mt_3.1\superlu_mt_3.1\superlu_mt_3.1\x64\release\pdgstrf_init.obj
d:\superlu_mt_3.1\superlu_mt_3.1\superlu_mt_3.1\x64\release\pdgstrf_factor_snode.obj
d:\superlu_mt_3.1\superlu_mt_3.1\superlu_mt_3.1\x64\release\pdgstrf_copy_to_ucol.obj
d:\superlu_mt_3.1\superlu_mt_3.1\superlu_mt_3.1\x64\release\pdgstrf_column_dfs.obj
d:\superlu_mt_3.1\superlu_mt_3.1\superlu_mt_3.1\x64\release\pdgstrf_column_bmod.obj
d:\superlu_mt_3.1\superlu_mt_3.1\superlu_mt_3.1\x64\release\pdgstrf_bmod2d_mv2.obj
d:\superlu_mt_3.1\superlu_mt_3.1\superlu_mt_3.1\x64\release\pdgstrf_bmod2d.obj
d:\superlu_mt_3.1\superlu_mt_3.1\superlu_mt_3.1\x64\release\pdgstrf_bmod1d_mv2.obj
d:\superlu_mt_3.1\superlu_mt_3.1\superlu_mt_3.1\x64\release\pdgstrf_bmod1d.obj
d:\superlu_mt_3.1\superlu_mt_3.1\superlu_mt_3.1\x64\release\pdgstrf.obj
d:\superlu_mt_3.1\superlu_mt_3.1\superlu_mt_3.1\x64\release\pdgssvx.obj
d:\superlu_mt_3.1\superlu_mt_3.1\superlu_mt_3.1\x64\release\pdgssv.obj
d:\superlu_mt_3.1\superlu_mt_3.1\superlu_mt_3.1\x64\release\pcutil.obj
d:\superlu_mt_3.1\superlu_mt_3.1\superlu_mt_3.1\x64\release\pcmemory.obj
d:\superlu_mt_3.1\superlu_mt_3.1\superlu_mt_3.1\x64\release\pcgstrf_thread_init.obj
d:\superlu_mt_3.1\superlu_mt_3.1\superlu_mt_3.1\x64\release\pcgstrf_thread_finalize.obj
d:\superlu_mt_3.1\superlu_mt_3.1\superlu_mt_3.1\x64\release\pcgstrf_thread.obj
d:\superlu_mt_3.1\superlu_mt_3.1\superlu_mt_3.1\x64\release\psgstrf_init.obj
d:\superlu_mt_3.1\superlu_mt_3.1\superlu_mt_3.1\x64\release\psgstrf_factor_snode.obj
d:\superlu_mt_3.1\superlu_mt_3.1\superlu_mt_3.1\x64\release\psgstrf_copy_to_ucol.obj
d:\superlu_mt_3.1\superlu_mt_3.1\superlu_mt_3.1\x64\release\psgstrf_column_dfs.obj
d:\superlu_mt_3.1\superlu_mt_3.1\superlu_mt_3.1\x64\release\psgstrf_column_bmod.obj
d:\superlu_mt_3.1\superlu_mt_3.1\superlu_mt_3.1\x64\release\psgstrf_bmod2d_mv2.obj
d:\superlu_mt_3.1\superlu_mt_3.1\superlu_mt_3.1\x64\release\psgstrf_bmod2d.obj
d:\superlu_mt_3.1\superlu_mt_3.1\superlu_mt_3.1\x64\release\psgstrf_bmod1d_mv2.obj
d:\superlu_mt_3.1\superlu_mt_3.1\superlu_mt_3.1\x64\release\psgstrf_bmod1d.obj
d:\superlu_mt_3.1\superlu_mt_3.1\superlu_mt_3.1\x64\release\psgstrf.obj
d:\superlu_mt_3.1\superlu_mt_3.1\superlu_mt_3.1\x64\release\psgssvx.obj
d:\superlu_mt_3.1\superlu_mt_3.1\superlu_mt_3.1\x64\release\psgssv.obj
d:\superlu_mt_3.1\superlu_mt_3.1\superlu_mt_3.1\x64\release\pmemory.obj
d:\superlu_mt_3.1\superlu_mt_3.1\superlu_mt_3.1\x64\release\pdutil.obj
d:\superlu_mt_3.1\superlu_mt_3.1\superlu_mt_3.1\x64\release\pdmemory.obj
d:\superlu_mt_3.1\superlu_mt_3.1\superlu_mt_3.1\x64\release\pdgstrf_thread_init.obj
d:\superlu_mt_3.1\superlu_mt_3.1\superlu_mt_3.1\x64\release\pdgstrf_thread_finalize.obj
d:\superlu_mt_3.1\superlu_mt_3.1\superlu_mt_3.1\x64\release\pdgstrf_thread.obj
d:\superlu_mt_3.1\superlu_mt_3.1\superlu_mt_3.1\x64\release\pdgstrf_snode_dfs.obj
d:\superlu_mt_3.1\superlu_mt_3.1\superlu_mt_3.1\x64\release\pdgstrf_snode_bmod.obj
d:\superlu_mt_3.1\superlu_mt_3.1\superlu_mt_3.1\x64\release\pzgstrf.obj
d:\superlu_mt_3.1\superlu_mt_3.1\superlu_mt_3.1\x64\release\pzgssvx.obj
d:\superlu_mt_3.1\superlu_mt_3.1\superlu_mt_3.1\x64\release\pzgssv.obj
d:\superlu_mt_3.1\superlu_mt_3.1\superlu_mt_3.1\x64\release\pxgstrf_synch.obj
d:\superlu_mt_3.1\superlu_mt_3.1\superlu_mt_3.1\x64\release\pxgstrf_super_bnd_dfs.obj
d:\superlu_mt_3.1\superlu_mt_3.1\superlu_mt_3.1\x64\release\pxgstrf_scheduler.obj
d:\superlu_mt_3.1\superlu_mt_3.1\superlu_mt_3.1\x64\release\pxgstrf_relax_snode.obj
d:\superlu_mt_3.1\superlu_mt_3.1\superlu_mt_3.1\x64\release\pxgstrf_prunel.obj
d:\superlu_mt_3.1\superlu_mt_3.1\superlu_mt_3.1\x64\release\pxgstrf_mark_busy_descends.obj
d:\superlu_mt_3.1\superlu_mt_3.1\superlu_mt_3.1\x64\release\pxgstrf_finalize.obj
d:\superlu_mt_3.1\superlu_mt_3.1\superlu_mt_3.1\x64\release\psutil.obj
d:\superlu_mt_3.1\superlu_mt_3.1\superlu_mt_3.1\x64\release\psmemory.obj
d:\superlu_mt_3.1\superlu_mt_3.1\superlu_mt_3.1\x64\release\psgstrf_thread_init.obj
d:\superlu_mt_3.1\superlu_mt_3.1\superlu_mt_3.1\x64\release\psgstrf_thread_finalize.obj
d:\superlu_mt_3.1\superlu_mt_3.1\superlu_mt_3.1\x64\release\psgstrf_thread.obj
d:\superlu_mt_3.1\superlu_mt_3.1\superlu_mt_3.1\x64\release\psgstrf_snode_dfs.obj
d:\superlu_mt_3.1\superlu_mt_3.1\superlu_mt_3.1\x64\release\psgstrf_snode_bmod.obj
d:\superlu_mt_3.1\superlu_mt_3.1\superlu_mt_3.1\x64\release\psgstrf_pivotl.obj
d:\superlu_mt_3.1\superlu_mt_3.1\superlu_mt_3.1\x64\release\psgstrf_panel_dfs.obj
d:\superlu_mt_3.1\superlu_mt_3.1\superlu_mt_3.1\x64\release\psgstrf_panel_bmod.obj
d:\superlu_mt_3.1\superlu_mt_3.1\superlu_mt_3.1\x64\release\qrnzcnt.obj
d:\superlu_mt_3.1\superlu_mt_3.1\superlu_mt_3.1\x64\release\pzutil.obj
d:\superlu_mt_3.1\superlu_mt_3.1\superlu_mt_3.1\x64\release\pzmemory.obj
d:\superlu_mt_3.1\superlu_mt_3.1\superlu_mt_3.1\x64\release\pzgstrf_thread_init.obj
d:\superlu_mt_3.1\superlu_mt_3.1\superlu_mt_3.1\x64\release\pzgstrf_thread_finalize.obj
d:\superlu_mt_3.1\superlu_mt_3.1\superlu_mt_3.1\x64\release\pzgstrf_thread.obj
d:\superlu_mt_3.1\superlu_mt_3.1\superlu_mt_3.1\x64\release\pzgstrf_snode_dfs.obj
d:\superlu_mt_3.1\superlu_mt_3.1\superlu_mt_3.1\x64\release\pzgstrf_snode_bmod.obj
d:\superlu_mt_3.1\superlu_mt_3.1\superlu_mt_3.1\x64\release\pzgstrf_pivotl.obj
d:\superlu_mt_3.1\superlu_mt_3.1\superlu_mt_3.1\x64\release\pzgstrf_panel_dfs.obj
d:\superlu_mt_3.1\superlu_mt_3.1\superlu_mt_3.1\x64\release\pzgstrf_panel_bmod.obj
d:\superlu_mt_3.1\superlu_mt_3.1\superlu_mt_3.1\x64\release\pzgstrf_init.obj
d:\superlu_mt_3.1\superlu_mt_3.1\superlu_mt_3.1\x64\release\pzgstrf_factor_snode.obj
d:\superlu_mt_3.1\superlu_mt_3.1\superlu_mt_3.1\x64\release\pzgstrf_copy_to_ucol.obj
d:\superlu_mt_3.1\superlu_mt_3.1\superlu_mt_3.1\x64\release\pzgstrf_column_dfs.obj
d:\superlu_mt_3.1\superlu_mt_3.1\superlu_mt_3.1\x64\release\pzgstrf_column_bmod.obj
d:\superlu_mt_3.1\superlu_mt_3.1\superlu_mt_3.1\x64\release\pzgstrf_bmod2d_mv2.obj
d:\superlu_mt_3.1\superlu_mt_3.1\superlu_mt_3.1\x64\release\pzgstrf_bmod2d.obj
d:\superlu_mt_3.1\superlu_mt_3.1\superlu_mt_3.1\x64\release\pzgstrf_bmod1d_mv2.obj
d:\superlu_mt_3.1\superlu_mt_3.1\superlu_mt_3.1\x64\release\pzgstrf_bmod1d.obj
d:\superlu_mt_3.1\superlu_mt_3.1\superlu_mt_3.1\x64\release\ssp_blas2.obj
d:\superlu_mt_3.1\superlu_mt_3.1\superlu_mt_3.1\x64\release\sreadrb.obj
d:\superlu_mt_3.1\superlu_mt_3.1\superlu_mt_3.1\x64\release\sreadmt.obj
d:\superlu_mt_3.1\superlu_mt_3.1\superlu_mt_3.1\x64\release\sreadhb.obj
d:\superlu_mt_3.1\superlu_mt_3.1\superlu_mt_3.1\x64\release\sp_ienv.obj
d:\superlu_mt_3.1\superlu_mt_3.1\superlu_mt_3.1\x64\release\sp_colorder.obj
d:\superlu_mt_3.1\superlu_mt_3.1\superlu_mt_3.1\x64\release\sp_coletree.obj
d:\superlu_mt_3.1\superlu_mt_3.1\superlu_mt_3.1\x64\release\spivotgrowth.obj
d:\superlu_mt_3.1\superlu_mt_3.1\superlu_mt_3.1\x64\release\smyblas2.obj
d:\superlu_mt_3.1\superlu_mt_3.1\superlu_mt_3.1\x64\release\smatgen.obj
d:\superlu_mt_3.1\superlu_mt_3.1\superlu_mt_3.1\x64\release\slaqgs.obj
d:\superlu_mt_3.1\superlu_mt_3.1\superlu_mt_3.1\x64\release\slangs.obj
d:\superlu_mt_3.1\superlu_mt_3.1\superlu_mt_3.1\x64\release\slamch.obj
d:\superlu_mt_3.1\superlu_mt_3.1\superlu_mt_3.1\x64\release\slacon.obj
d:\superlu_mt_3.1\superlu_mt_3.1\superlu_mt_3.1\x64\release\sgstrs.obj
d:\superlu_mt_3.1\superlu_mt_3.1\superlu_mt_3.1\x64\release\sgsrfs.obj
d:\superlu_mt_3.1\superlu_mt_3.1\superlu_mt_3.1\x64\release\sgsequ.obj
d:\superlu_mt_3.1\superlu_mt_3.1\superlu_mt_3.1\x64\release\sgscon.obj
d:\superlu_mt_3.1\superlu_mt_3.1\superlu_mt_3.1\x64\release\scsum1.obj
d:\superlu_mt_3.1\superlu_mt_3.1\superlu_mt_3.1\x64\release\scomplex.obj
d:\superlu_mt_3.1\superlu_mt_3.1\superlu_mt_3.1\x64\release\zsp_blas3.obj
d:\superlu_mt_3.1\superlu_mt_3.1\superlu_mt_3.1\x64\release\zsp_blas2.obj
d:\superlu_mt_3.1\superlu_mt_3.1\superlu_mt_3.1\x64\release\zreadrb.obj
d:\superlu_mt_3.1\superlu_mt_3.1\superlu_mt_3.1\x64\release\zreadmt.obj
d:\superlu_mt_3.1\superlu_mt_3.1\superlu_mt_3.1\x64\release\zreadhb.obj
d:\superlu_mt_3.1\superlu_mt_3.1\superlu_mt_3.1\x64\release\zpivotgrowth.obj
d:\superlu_mt_3.1\superlu_mt_3.1\superlu_mt_3.1\x64\release\zmyblas2.obj
d:\superlu_mt_3.1\superlu_mt_3.1\superlu_mt_3.1\x64\release\zmatgen.obj
d:\superlu_mt_3.1\superlu_mt_3.1\superlu_mt_3.1\x64\release\zlaqgs.obj
d:\superlu_mt_3.1\superlu_mt_3.1\superlu_mt_3.1\x64\release\zlangs.obj
d:\superlu_mt_3.1\superlu_mt_3.1\superlu_mt_3.1\x64\release\zlacon.obj
d:\superlu_mt_3.1\superlu_mt_3.1\superlu_mt_3.1\x64\release\zgstrs.obj
d:\superlu_mt_3.1\superlu_mt_3.1\superlu_mt_3.1\x64\release\zgsrfs.obj
d:\superlu_mt_3.1\superlu_mt_3.1\superlu_mt_3.1\x64\release\zgsequ.obj
d:\superlu_mt_3.1\superlu_mt_3.1\superlu_mt_3.1\x64\release\zgscon.obj
d:\superlu_mt_3.1\superlu_mt_3.1\superlu_mt_3.1\x64\release\xerbla.obj
d:\superlu_mt_3.1\superlu_mt_3.1\superlu_mt_3.1\x64\release\util.obj
d:\superlu_mt_3.1\superlu_mt_3.1\superlu_mt_3.1\x64\release\superlu_timer.obj
d:\superlu_mt_3.1\superlu_mt_3.1\superlu_mt_3.1\x64\release\ssp_blas3.obj
d:\superlu_mt_3.1\superlu_mt_3.1\superlu_mt_3.1\x64\release\superlu_mt_3.1.tlog\cl.command.1.tlog
d:\superlu_mt_3.1\superlu_mt_3.1\superlu_mt_3.1\x64\release\superlu_mt_3.1.tlog\cl.read.1.tlog
d:\superlu_mt_3.1\superlu_mt_3.1\superlu_mt_3.1\x64\release\superlu_mt_3.1.tlog\cl.write.1.tlog
d:\superlu_mt_3.1\superlu_mt_3.1\superlu_mt_3.1\x64\release\superlu_mt_3.1.tlog\link.command.1.tlog
d:\superlu_mt_3.1\superlu_mt_3.1\superlu_mt_3.1\x64\release\superlu_mt_3.1.tlog\link.read.1.tlog
d:\superlu_mt_3.1\superlu_mt_3.1\superlu_mt_3.1\x64\release\superlu_mt_3.1.tlog\link.write.1.tlog
